<?xml version="1.0" encoding="UTF-8"?>
<testsuite name="com.example.product_test.ProductTestApplicationTests" tests="1" skipped="0" failures="0" errors="0" timestamp="2026-04-13T17:18:46.424Z" hostname="DESKTOP-60RK6BO" time="4.713">
  <properties/>
  <testcase name="contextLoads()" classname="com.example.product_test.ProductTestApplicationTests" time="0.756"/>
  <system-out><![CDATA[01:18:46.555 [Test worker] INFO org.springframework.test.context.support.AnnotationConfigContextLoaderUtils -- Could not detect default configuration classes for test class [com.example.product_test.ProductTestApplicationTests]: ProductTestApplicationTests does not declare any static, non-private, non-final, nested classes annotated with @Configuration.
01:18:46.655 [Test worker] INFO org.springframework.boot.test.context.SpringBootTestContextBootstrapper -- Found @SpringBootConfiguration com.example.product_test.ProductTestApplication for test class com.example.product_test.ProductTestApplicationTests

  .   ____          _            __ _ _
 /\\ / ___'_ __ _ _(_)_ __  __ _ \ \ \ \
( ( )\___ | '_ | '_| | '_ \/ _` | \ \ \ \
 \\/  ___)| |_)| | | | | || (_| |  ) ) ) )
  '  |____| .__|_| |_|_| |_\__, | / / / /
 =========|_|==============|___/=/_/_/_/

 :: Spring Boot ::                (v4.0.3)

2026-04-14T01:18:46.994+08:00  INFO 28620 --- [Product_Test] [    Test worker] c.e.p.ProductTestApplicationTests        : Starting ProductTestApplicationTests using Java 25.0.1 with PID 28620 (started by 23234 in C:\Users\23234\IdeaProjects\Product_Test)
2026-04-14T01:18:46.995+08:00  INFO 28620 --- [Product_Test] [    Test worker] c.e.p.ProductTestApplicationTests        : No active profile set, falling back to 1 default profile: "default"
2026-04-14T01:18:47.705+08:00  INFO 28620 --- [Product_Test] [    Test worker] .s.d.r.c.RepositoryConfigurationDelegate : Multiple Spring Data modules found, entering strict repository configuration mode
2026-04-14T01:18:47.708+08:00  INFO 28620 --- [Product_Test] [    Test worker] .s.d.r.c.RepositoryConfigurationDelegate : Bootstrapping Spring Data Redis repositories in DEFAULT mode.
2026-04-14T01:18:47.731+08:00  INFO 28620 --- [Product_Test] [    Test worker] .s.d.r.c.RepositoryConfigurationDelegate : Finished Spring Data repository scanning in 11 ms. Found 0 Redis repository interfaces.
2026-04-14T01:18:49.952+08:00  INFO 28620 --- [Product_Test] [    Test worker] o.s.b.a.e.web.EndpointLinksResolver      : Exposing 1 endpoint beneath base path '/actuator'
2026-04-14T01:18:50.121+08:00  INFO 28620 --- [Product_Test] [    Test worker] o.a.kafka.common.config.AbstractConfig   : ConsumerConfig values: 
	allow.auto.create.topics = true
	auto.commit.interval.ms = 5000
	auto.offset.reset = latest
	bootstrap.servers = [localhost:9092]
	check.crcs = true
	client.dns.lookup = use_all_dns_ips
	client.id = consumer-seckill-order-group-1
	client.rack = 
	connections.max.idle.ms = 540000
	default.api.timeout.ms = 60000
	enable.auto.commit = false
	enable.metrics.push = true
	exclude.internal.topics = true
	fetch.max.bytes = 52428800
	fetch.max.wait.ms = 500
	fetch.min.bytes = 1
	group.id = seckill-order-group
	group.instance.id = null
	group.protocol = classic
	group.remote.assignor = null
	heartbeat.interval.ms = 3000
	interceptor.classes = []
	internal.leave.group.on.close = true
	internal.throw.on.fetch.stable.offset.unsupported = false
	isolation.level = read_uncommitted
	key.deserializer = class org.apache.kafka.common.serialization.StringDeserializer
	max.partition.fetch.bytes = 1048576
	max.poll.interval.ms = 300000
	max.poll.records = 500
	metadata.max.age.ms = 300000
	metadata.recovery.rebootstrap.trigger.ms = 300000
	metadata.recovery.strategy = rebootstrap
	metric.reporters = [org.apache.kafka.common.metrics.JmxReporter]
	metrics.num.samples = 2
	metrics.recording.level = INFO
	metrics.sample.window.ms = 30000
	partition.assignment.strategy = [class org.apache.kafka.clients.consumer.RangeAssignor, class org.apache.kafka.clients.consumer.CooperativeStickyAssignor]
	receive.buffer.bytes = 65536
	reconnect.backoff.max.ms = 1000
	reconnect.backoff.ms = 50
	request.timeout.ms = 30000
	retry.backoff.max.ms = 1000
	retry.backoff.ms = 100
	sasl.client.callback.handler.class = null
	sasl.jaas.config = null
	sasl.kerberos.kinit.cmd = /usr/bin/kinit
	sasl.kerberos.min.time.before.relogin = 60000
	sasl.kerberos.service.name = null
	sasl.kerberos.ticket.renew.jitter = 0.05
	sasl.kerberos.ticket.renew.window.factor = 0.8
	sasl.login.callback.handler.class = null
	sasl.login.class = null
	sasl.login.connect.timeout.ms = null
	sasl.login.read.timeout.ms = null
	sasl.login.refresh.buffer.seconds = 300
	sasl.login.refresh.min.period.seconds = 60
	sasl.login.refresh.window.factor = 0.8
	sasl.login.refresh.window.jitter = 0.05
	sasl.login.retry.backoff.max.ms = 10000
	sasl.login.retry.backoff.ms = 100
	sasl.mechanism = GSSAPI
	sasl.oauthbearer.assertion.algorithm = RS256
	sasl.oauthbearer.assertion.claim.aud = null
	sasl.oauthbearer.assertion.claim.exp.seconds = 300
	sasl.oauthbearer.assertion.claim.iss = null
	sasl.oauthbearer.assertion.claim.jti.include = false
	sasl.oauthbearer.assertion.claim.nbf.seconds = 60
	sasl.oauthbearer.assertion.claim.sub = null
	sasl.oauthbearer.assertion.file = null
	sasl.oauthbearer.assertion.private.key.file = null
	sasl.oauthbearer.assertion.private.key.passphrase = null
	sasl.oauthbearer.assertion.template.file = null
	sasl.oauthbearer.client.credentials.client.id = null
	sasl.oauthbearer.client.credentials.client.secret = null
	sasl.oauthbearer.clock.skew.seconds = 30
	sasl.oauthbearer.expected.audience = null
	sasl.oauthbearer.expected.issuer = null
	sasl.oauthbearer.header.urlencode = false
	sasl.oauthbearer.jwks.endpoint.refresh.ms = 3600000
	sasl.oauthbearer.jwks.endpoint.retry.backoff.max.ms = 10000
	sasl.oauthbearer.jwks.endpoint.retry.backoff.ms = 100
	sasl.oauthbearer.jwks.endpoint.url = null
	sasl.oauthbearer.jwt.retriever.class = class org.apache.kafka.common.security.oauthbearer.DefaultJwtRetriever
	sasl.oauthbearer.jwt.validator.class = class org.apache.kafka.common.security.oauthbearer.DefaultJwtValidator
	sasl.oauthbearer.scope = null
	sasl.oauthbearer.scope.claim.name = scope
	sasl.oauthbearer.sub.claim.name = sub
	sasl.oauthbearer.token.endpoint.url = null
	security.protocol = PLAINTEXT
	security.providers = null
	send.buffer.bytes = 131072
	session.timeout.ms = 45000
	share.acknowledgement.mode = implicit
	socket.connection.setup.timeout.max.ms = 30000
	socket.connection.setup.timeout.ms = 10000
	ssl.cipher.suites = null
	ssl.enabled.protocols = [TLSv1.2, TLSv1.3]
	ssl.endpoint.identification.algorithm = https
	ssl.engine.factory.class = null
	ssl.key.password = null
	ssl.keymanager.algorithm = SunX509
	ssl.keystore.certificate.chain = null
	ssl.keystore.key = null
	ssl.keystore.location = null
	ssl.keystore.password = null
	ssl.keystore.type = JKS
	ssl.protocol = TLSv1.3
	ssl.provider = null
	ssl.secure.random.implementation = null
	ssl.trustmanager.algorithm = PKIX
	ssl.truststore.certificates = null
	ssl.truststore.location = null
	ssl.truststore.password = null
	ssl.truststore.type = JKS
	value.deserializer = class org.apache.kafka.common.serialization.StringDeserializer

2026-04-14T01:18:50.157+08:00  INFO 28620 --- [Product_Test] [    Test worker] o.a.k.c.t.i.KafkaMetricsCollector        : initializing Kafka metrics collector
2026-04-14T01:18:50.316+08:00  INFO 28620 --- [Product_Test] [    Test worker] o.a.kafka.common.utils.AppInfoParser     : Kafka version: 4.1.1
2026-04-14T01:18:50.317+08:00  INFO 28620 --- [Product_Test] [    Test worker] o.a.kafka.common.utils.AppInfoParser     : Kafka commitId: be816b82d25370ce
2026-04-14T01:18:50.317+08:00  INFO 28620 --- [Product_Test] [    Test worker] o.a.kafka.common.utils.AppInfoParser     : Kafka startTimeMs: 1776100730314
2026-04-14T01:18:50.320+08:00  INFO 28620 --- [Product_Test] [    Test worker] o.a.k.c.c.i.ClassicKafkaConsumer         : [Consumer clientId=consumer-seckill-order-group-1, groupId=seckill-order-group] Subscribed to topic(s): order-pay-topic
2026-04-14T01:18:50.326+08:00  INFO 28620 --- [Product_Test] [    Test worker] o.a.kafka.common.config.AbstractConfig   : ConsumerConfig values: 
	allow.auto.create.topics = true
	auto.commit.interval.ms = 5000
	auto.offset.reset = latest
	bootstrap.servers = [localhost:9092]
	check.crcs = true
	client.dns.lookup = use_all_dns_ips
	client.id = consumer-seckill-order-group-2
	client.rack = 
	connections.max.idle.ms = 540000
	default.api.timeout.ms = 60000
	enable.auto.commit = false
	enable.metrics.push = true
	exclude.internal.topics = true
	fetch.max.bytes = 52428800
	fetch.max.wait.ms = 500
	fetch.min.bytes = 1
	group.id = seckill-order-group
	group.instance.id = null
	group.protocol = classic
	group.remote.assignor = null
	heartbeat.interval.ms = 3000
	interceptor.classes = []
	internal.leave.group.on.close = true
	internal.throw.on.fetch.stable.offset.unsupported = false
	isolation.level = read_uncommitted
	key.deserializer = class org.apache.kafka.common.serialization.StringDeserializer
	max.partition.fetch.bytes = 1048576
	max.poll.interval.ms = 300000
	max.poll.records = 500
	metadata.max.age.ms = 300000
	metadata.recovery.rebootstrap.trigger.ms = 300000
	metadata.recovery.strategy = rebootstrap
	metric.reporters = [org.apache.kafka.common.metrics.JmxReporter]
	metrics.num.samples = 2
	metrics.recording.level = INFO
	metrics.sample.window.ms = 30000
	partition.assignment.strategy = [class org.apache.kafka.clients.consumer.RangeAssignor, class org.apache.kafka.clients.consumer.CooperativeStickyAssignor]
	receive.buffer.bytes = 65536
	reconnect.backoff.max.ms = 1000
	reconnect.backoff.ms = 50
	request.timeout.ms = 30000
	retry.backoff.max.ms = 1000
	retry.backoff.ms = 100
	sasl.client.callback.handler.class = null
	sasl.jaas.config = null
	sasl.kerberos.kinit.cmd = /usr/bin/kinit
	sasl.kerberos.min.time.before.relogin = 60000
	sasl.kerberos.service.name = null
	sasl.kerberos.ticket.renew.jitter = 0.05
	sasl.kerberos.ticket.renew.window.factor = 0.8
	sasl.login.callback.handler.class = null
	sasl.login.class = null
	sasl.login.connect.timeout.ms = null
	sasl.login.read.timeout.ms = null
	sasl.login.refresh.buffer.seconds = 300
	sasl.login.refresh.min.period.seconds = 60
	sasl.login.refresh.window.factor = 0.8
	sasl.login.refresh.window.jitter = 0.05
	sasl.login.retry.backoff.max.ms = 10000
	sasl.login.retry.backoff.ms = 100
	sasl.mechanism = GSSAPI
	sasl.oauthbearer.assertion.algorithm = RS256
	sasl.oauthbearer.assertion.claim.aud = null
	sasl.oauthbearer.assertion.claim.exp.seconds = 300
	sasl.oauthbearer.assertion.claim.iss = null
	sasl.oauthbearer.assertion.claim.jti.include = false
	sasl.oauthbearer.assertion.claim.nbf.seconds = 60
	sasl.oauthbearer.assertion.claim.sub = null
	sasl.oauthbearer.assertion.file = null
	sasl.oauthbearer.assertion.private.key.file = null
	sasl.oauthbearer.assertion.private.key.passphrase = null
	sasl.oauthbearer.assertion.template.file = null
	sasl.oauthbearer.client.credentials.client.id = null
	sasl.oauthbearer.client.credentials.client.secret = null
	sasl.oauthbearer.clock.skew.seconds = 30
	sasl.oauthbearer.expected.audience = null
	sasl.oauthbearer.expected.issuer = null
	sasl.oauthbearer.header.urlencode = false
	sasl.oauthbearer.jwks.endpoint.refresh.ms = 3600000
	sasl.oauthbearer.jwks.endpoint.retry.backoff.max.ms = 10000
	sasl.oauthbearer.jwks.endpoint.retry.backoff.ms = 100
	sasl.oauthbearer.jwks.endpoint.url = null
	sasl.oauthbearer.jwt.retriever.class = class org.apache.kafka.common.security.oauthbearer.DefaultJwtRetriever
	sasl.oauthbearer.jwt.validator.class = class org.apache.kafka.common.security.oauthbearer.DefaultJwtValidator
	sasl.oauthbearer.scope = null
	sasl.oauthbearer.scope.claim.name = scope
	sasl.oauthbearer.sub.claim.name = sub
	sasl.oauthbearer.token.endpoint.url = null
	security.protocol = PLAINTEXT
	security.providers = null
	send.buffer.bytes = 131072
	session.timeout.ms = 45000
	share.acknowledgement.mode = implicit
	socket.connection.setup.timeout.max.ms = 30000
	socket.connection.setup.timeout.ms = 10000
	ssl.cipher.suites = null
	ssl.enabled.protocols = [TLSv1.2, TLSv1.3]
	ssl.endpoint.identification.algorithm = https
	ssl.engine.factory.class = null
	ssl.key.password = null
	ssl.keymanager.algorithm = SunX509
	ssl.keystore.certificate.chain = null
	ssl.keystore.key = null
	ssl.keystore.location = null
	ssl.keystore.password = null
	ssl.keystore.type = JKS
	ssl.protocol = TLSv1.3
	ssl.provider = null
	ssl.secure.random.implementation = null
	ssl.trustmanager.algorithm = PKIX
	ssl.truststore.certificates = null
	ssl.truststore.location = null
	ssl.truststore.password = null
	ssl.truststore.type = JKS
	value.deserializer = class org.apache.kafka.common.serialization.StringDeserializer

2026-04-14T01:18:50.330+08:00  INFO 28620 --- [Product_Test] [    Test worker] o.a.k.c.t.i.KafkaMetricsCollector        : initializing Kafka metrics collector
2026-04-14T01:18:50.338+08:00  INFO 28620 --- [Product_Test] [    Test worker] o.a.kafka.common.utils.AppInfoParser     : Kafka version: 4.1.1
2026-04-14T01:18:50.338+08:00  INFO 28620 --- [Product_Test] [    Test worker] o.a.kafka.common.utils.AppInfoParser     : Kafka commitId: be816b82d25370ce
2026-04-14T01:18:50.338+08:00  INFO 28620 --- [Product_Test] [    Test worker] o.a.kafka.common.utils.AppInfoParser     : Kafka startTimeMs: 1776100730338
2026-04-14T01:18:50.338+08:00  INFO 28620 --- [Product_Test] [    Test worker] o.a.k.c.c.i.ClassicKafkaConsumer         : [Consumer clientId=consumer-seckill-order-group-2, groupId=seckill-order-group] Subscribed to topic(s): seckill-order-topic
2026-04-14T01:18:50.341+08:00  INFO 28620 --- [Product_Test] [    Test worker] o.a.kafka.common.config.AbstractConfig   : ConsumerConfig values: 
	allow.auto.create.topics = true
	auto.commit.interval.ms = 5000
	auto.offset.reset = latest
	bootstrap.servers = [localhost:9092]
	check.crcs = true
	client.dns.lookup = use_all_dns_ips
	client.id = consumer-seckill-order-group-3
	client.rack = 
	connections.max.idle.ms = 540000
	default.api.timeout.ms = 60000
	enable.auto.commit = false
	enable.metrics.push = true
	exclude.internal.topics = true
	fetch.max.bytes = 52428800
	fetch.max.wait.ms = 500
	fetch.min.bytes = 1
	group.id = seckill-order-group
	group.instance.id = null
	group.protocol = classic
	group.remote.assignor = null
	heartbeat.interval.ms = 3000
	interceptor.classes = []
	internal.leave.group.on.close = true
	internal.throw.on.fetch.stable.offset.unsupported = false
	isolation.level = read_uncommitted
	key.deserializer = class org.apache.kafka.common.serialization.StringDeserializer
	max.partition.fetch.bytes = 1048576
	max.poll.interval.ms = 300000
	max.poll.records = 500
	metadata.max.age.ms = 300000
	metadata.recovery.rebootstrap.trigger.ms = 300000
	metadata.recovery.strategy = rebootstrap
	metric.reporters = [org.apache.kafka.common.metrics.JmxReporter]
	metrics.num.samples = 2
	metrics.recording.level = INFO
	metrics.sample.window.ms = 30000
	partition.assignment.strategy = [class org.apache.kafka.clients.consumer.RangeAssignor, class org.apache.kafka.clients.consumer.CooperativeStickyAssignor]
	receive.buffer.bytes = 65536
	reconnect.backoff.max.ms = 1000
	reconnect.backoff.ms = 50
	request.timeout.ms = 30000
	retry.backoff.max.ms = 1000
	retry.backoff.ms = 100
	sasl.client.callback.handler.class = null
	sasl.jaas.config = null
	sasl.kerberos.kinit.cmd = /usr/bin/kinit
	sasl.kerberos.min.time.before.relogin = 60000
	sasl.kerberos.service.name = null
	sasl.kerberos.ticket.renew.jitter = 0.05
	sasl.kerberos.ticket.renew.window.factor = 0.8
	sasl.login.callback.handler.class = null
	sasl.login.class = null
	sasl.login.connect.timeout.ms = null
	sasl.login.read.timeout.ms = null
	sasl.login.refresh.buffer.seconds = 300
	sasl.login.refresh.min.period.seconds = 60
	sasl.login.refresh.window.factor = 0.8
	sasl.login.refresh.window.jitter = 0.05
	sasl.login.retry.backoff.max.ms = 10000
	sasl.login.retry.backoff.ms = 100
	sasl.mechanism = GSSAPI
	sasl.oauthbearer.assertion.algorithm = RS256
	sasl.oauthbearer.assertion.claim.aud = null
	sasl.oauthbearer.assertion.claim.exp.seconds = 300
	sasl.oauthbearer.assertion.claim.iss = null
	sasl.oauthbearer.assertion.claim.jti.include = false
	sasl.oauthbearer.assertion.claim.nbf.seconds = 60
	sasl.oauthbearer.assertion.claim.sub = null
	sasl.oauthbearer.assertion.file = null
	sasl.oauthbearer.assertion.private.key.file = null
	sasl.oauthbearer.assertion.private.key.passphrase = null
	sasl.oauthbearer.assertion.template.file = null
	sasl.oauthbearer.client.credentials.client.id = null
	sasl.oauthbearer.client.credentials.client.secret = null
	sasl.oauthbearer.clock.skew.seconds = 30
	sasl.oauthbearer.expected.audience = null
	sasl.oauthbearer.expected.issuer = null
	sasl.oauthbearer.header.urlencode = false
	sasl.oauthbearer.jwks.endpoint.refresh.ms = 3600000
	sasl.oauthbearer.jwks.endpoint.retry.backoff.max.ms = 10000
	sasl.oauthbearer.jwks.endpoint.retry.backoff.ms = 100
	sasl.oauthbearer.jwks.endpoint.url = null
	sasl.oauthbearer.jwt.retriever.class = class org.apache.kafka.common.security.oauthbearer.DefaultJwtRetriever
	sasl.oauthbearer.jwt.validator.class = class org.apache.kafka.common.security.oauthbearer.DefaultJwtValidator
	sasl.oauthbearer.scope = null
	sasl.oauthbearer.scope.claim.name = scope
	sasl.oauthbearer.sub.claim.name = sub
	sasl.oauthbearer.token.endpoint.url = null
	security.protocol = PLAINTEXT
	security.providers = null
	send.buffer.bytes = 131072
	session.timeout.ms = 45000
	share.acknowledgement.mode = implicit
	socket.connection.setup.timeout.max.ms = 30000
	socket.connection.setup.timeout.ms = 10000
	ssl.cipher.suites = null
	ssl.enabled.protocols = [TLSv1.2, TLSv1.3]
	ssl.endpoint.identification.algorithm = https
	ssl.engine.factory.class = null
	ssl.key.password = null
	ssl.keymanager.algorithm = SunX509
	ssl.keystore.certificate.chain = null
	ssl.keystore.key = null
	ssl.keystore.location = null
	ssl.keystore.password = null
	ssl.keystore.type = JKS
	ssl.protocol = TLSv1.3
	ssl.provider = null
	ssl.secure.random.implementation = null
	ssl.trustmanager.algorithm = PKIX
	ssl.truststore.certificates = null
	ssl.truststore.location = null
	ssl.truststore.password = null
	ssl.truststore.type = JKS
	value.deserializer = class org.apache.kafka.common.serialization.StringDeserializer

2026-04-14T01:18:50.341+08:00  INFO 28620 --- [Product_Test] [    Test worker] o.a.k.c.t.i.KafkaMetricsCollector        : initializing Kafka metrics collector
2026-04-14T01:18:50.352+08:00  INFO 28620 --- [Product_Test] [    Test worker] o.a.kafka.common.utils.AppInfoParser     : Kafka version: 4.1.1
2026-04-14T01:18:50.352+08:00  INFO 28620 --- [Product_Test] [    Test worker] o.a.kafka.common.utils.AppInfoParser     : Kafka commitId: be816b82d25370ce
2026-04-14T01:18:50.352+08:00  INFO 28620 --- [Product_Test] [    Test worker] o.a.kafka.common.utils.AppInfoParser     : Kafka startTimeMs: 1776100730352
2026-04-14T01:18:50.352+08:00  INFO 28620 --- [Product_Test] [    Test worker] o.a.k.c.c.i.ClassicKafkaConsumer         : [Consumer clientId=consumer-seckill-order-group-3, groupId=seckill-order-group] Subscribed to topic(s): order-cancel-topic
2026-04-14T01:18:50.363+08:00  INFO 28620 --- [Product_Test] [    Test worker] c.e.p.ProductTestApplicationTests        : Started ProductTestApplicationTests in 3.581 seconds (process running for 4.646)
2026-04-14T01:18:50.582+08:00  INFO 28620 --- [Product_Test] [ntainer#1-0-C-1] org.apache.kafka.clients.NetworkClient   : [Consumer clientId=consumer-seckill-order-group-3, groupId=seckill-order-group] Node -1 disconnected.
2026-04-14T01:18:50.582+08:00  INFO 28620 --- [Product_Test] [ntainer#2-0-C-1] org.apache.kafka.clients.NetworkClient   : [Consumer clientId=consumer-seckill-order-group-1, groupId=seckill-order-group] Node -1 disconnected.
2026-04-14T01:18:50.582+08:00  INFO 28620 --- [Product_Test] [ntainer#0-0-C-1] org.apache.kafka.clients.NetworkClient   : [Consumer clientId=consumer-seckill-order-group-2, groupId=seckill-order-group] Node -1 disconnected.
2026-04-14T01:18:50.583+08:00  WARN 28620 --- [Product_Test] [ntainer#2-0-C-1] org.apache.kafka.clients.NetworkClient   : [Consumer clientId=consumer-seckill-order-group-1, groupId=seckill-order-group] Connection to node -1 (localhost/127.0.0.1:9092) could not be established. Node may not be available.
2026-04-14T01:18:50.583+08:00  WARN 28620 --- [Product_Test] [ntainer#1-0-C-1] org.apache.kafka.clients.NetworkClient   : [Consumer clientId=consumer-seckill-order-group-3, groupId=seckill-order-group] Connection to node -1 (localhost/127.0.0.1:9092) could not be established. Node may not be available.
2026-04-14T01:18:50.583+08:00  WARN 28620 --- [Product_Test] [ntainer#0-0-C-1] org.apache.kafka.clients.NetworkClient   : [Consumer clientId=consumer-seckill-order-group-2, groupId=seckill-order-group] Connection to node -1 (localhost/127.0.0.1:9092) could not be established. Node may not be available.
2026-04-14T01:18:50.585+08:00  WARN 28620 --- [Product_Test] [ntainer#0-0-C-1] org.apache.kafka.clients.NetworkClient   : [Consumer clientId=consumer-seckill-order-group-2, groupId=seckill-order-group] Bootstrap broker localhost:9092 (id: -1 rack: null isFenced: false) disconnected
2026-04-14T01:18:50.585+08:00  WARN 28620 --- [Product_Test] [ntainer#1-0-C-1] org.apache.kafka.clients.NetworkClient   : [Consumer clientId=consumer-seckill-order-group-3, groupId=seckill-order-group] Bootstrap broker localhost:9092 (id: -1 rack: null isFenced: false) disconnected
2026-04-14T01:18:50.585+08:00  WARN 28620 --- [Product_Test] [ntainer#2-0-C-1] org.apache.kafka.clients.NetworkClient   : [Consumer clientId=consumer-seckill-order-group-1, groupId=seckill-order-group] Bootstrap broker localhost:9092 (id: -1 rack: null isFenced: false) disconnected
2026-04-14T01:18:50.677+08:00  INFO 28620 --- [Product_Test] [ntainer#0-0-C-1] org.apache.kafka.clients.NetworkClient   : [Consumer clientId=consumer-seckill-order-group-2, groupId=seckill-order-group] Node -1 disconnected.
2026-04-14T01:18:50.677+08:00  WARN 28620 --- [Product_Test] [ntainer#0-0-C-1] org.apache.kafka.clients.NetworkClient   : [Consumer clientId=consumer-seckill-order-group-2, groupId=seckill-order-group] Connection to node -1 (localhost/127.0.0.1:9092) could not be established. Node may not be available.
2026-04-14T01:18:50.677+08:00  WARN 28620 --- [Product_Test] [ntainer#0-0-C-1] org.apache.kafka.clients.NetworkClient   : [Consumer clientId=consumer-seckill-order-group-2, groupId=seckill-order-group] Bootstrap broker localhost:9092 (id: -1 rack: null isFenced: false) disconnected
2026-04-14T01:18:50.680+08:00  INFO 28620 --- [Product_Test] [ntainer#0-0-C-1] org.apache.kafka.clients.Metadata        : [Consumer clientId=consumer-seckill-order-group-2, groupId=seckill-order-group] Rebootstrapping with [localhost/127.0.0.1:9092]
2026-04-14T01:18:50.700+08:00  INFO 28620 --- [Product_Test] [ntainer#2-0-C-1] org.apache.kafka.clients.NetworkClient   : [Consumer clientId=consumer-seckill-order-group-1, groupId=seckill-order-group] Node -1 disconnected.
2026-04-14T01:18:50.701+08:00  WARN 28620 --- [Product_Test] [ntainer#2-0-C-1] org.apache.kafka.clients.NetworkClient   : [Consumer clientId=consumer-seckill-order-group-1, groupId=seckill-order-group] Connection to node -1 (localhost/127.0.0.1:9092) could not be established. Node may not be available.
2026-04-14T01:18:50.701+08:00  WARN 28620 --- [Product_Test] [ntainer#2-0-C-1] org.apache.kafka.clients.NetworkClient   : [Consumer clientId=consumer-seckill-order-group-1, groupId=seckill-order-group] Bootstrap broker localhost:9092 (id: -1 rack: null isFenced: false) disconnected
2026-04-14T01:18:50.709+08:00  INFO 28620 --- [Product_Test] [ntainer#1-0-C-1] org.apache.kafka.clients.NetworkClient   : [Consumer clientId=consumer-seckill-order-group-3, groupId=seckill-order-group] Node -1 disconnected.
2026-04-14T01:18:50.709+08:00  WARN 28620 --- [Product_Test] [ntainer#1-0-C-1] org.apache.kafka.clients.NetworkClient   : [Consumer clientId=consumer-seckill-order-group-3, groupId=seckill-order-group] Connection to node -1 (localhost/127.0.0.1:9092) could not be established. Node may not be available.
2026-04-14T01:18:50.709+08:00  WARN 28620 --- [Product_Test] [ntainer#1-0-C-1] org.apache.kafka.clients.NetworkClient   : [Consumer clientId=consumer-seckill-order-group-3, groupId=seckill-order-group] Bootstrap broker localhost:9092 (id: -1 rack: null isFenced: false) disconnected
2026-04-14T01:18:50.732+08:00  INFO 28620 --- [Product_Test] [ntainer#0-0-C-1] org.apache.kafka.clients.Metadata        : [Consumer clientId=consumer-seckill-order-group-2, groupId=seckill-order-group] Rebootstrapping with [localhost/127.0.0.1:9092]
2026-04-14T01:18:50.817+08:00  INFO 28620 --- [Product_Test] [ntainer#1-0-C-1] org.apache.kafka.clients.NetworkClient   : [Consumer clientId=consumer-seckill-order-group-3, groupId=seckill-order-group] Node -1 disconnected.
2026-04-14T01:18:50.817+08:00  WARN 28620 --- [Product_Test] [ntainer#1-0-C-1] org.apache.kafka.clients.NetworkClient   : [Consumer clientId=consumer-seckill-order-group-3, groupId=seckill-order-group] Connection to node -1 (localhost/127.0.0.1:9092) could not be established. Node may not be available.
2026-04-14T01:18:50.817+08:00  WARN 28620 --- [Product_Test] [ntainer#1-0-C-1] org.apache.kafka.clients.NetworkClient   : [Consumer clientId=consumer-seckill-order-group-3, groupId=seckill-order-group] Bootstrap broker localhost:9092 (id: -1 rack: null isFenced: false) disconnected
2026-04-14T01:18:50.854+08:00  INFO 28620 --- [Product_Test] [ntainer#2-0-C-1] org.apache.kafka.clients.NetworkClient   : [Consumer clientId=consumer-seckill-order-group-1, groupId=seckill-order-group] Node -1 disconnected.
2026-04-14T01:18:50.854+08:00  WARN 28620 --- [Product_Test] [ntainer#2-0-C-1] org.apache.kafka.clients.NetworkClient   : [Consumer clientId=consumer-seckill-order-group-1, groupId=seckill-order-group] Connection to node -1 (localhost/127.0.0.1:9092) could not be established. Node may not be available.
2026-04-14T01:18:50.854+08:00  WARN 28620 --- [Product_Test] [ntainer#2-0-C-1] org.apache.kafka.clients.NetworkClient   : [Consumer clientId=consumer-seckill-order-group-1, groupId=seckill-order-group] Bootstrap broker localhost:9092 (id: -1 rack: null isFenced: false) disconnected
2026-04-14T01:18:50.911+08:00  INFO 28620 --- [Product_Test] [ntainer#0-0-C-1] org.apache.kafka.clients.NetworkClient   : [Consumer clientId=consumer-seckill-order-group-2, groupId=seckill-order-group] Node -1 disconnected.
2026-04-14T01:18:50.911+08:00  WARN 28620 --- [Product_Test] [ntainer#0-0-C-1] org.apache.kafka.clients.NetworkClient   : [Consumer clientId=consumer-seckill-order-group-2, groupId=seckill-order-group] Connection to node -1 (localhost/127.0.0.1:9092) could not be established. Node may not be available.
2026-04-14T01:18:50.911+08:00  WARN 28620 --- [Product_Test] [ntainer#0-0-C-1] org.apache.kafka.clients.NetworkClient   : [Consumer clientId=consumer-seckill-order-group-2, groupId=seckill-order-group] Bootstrap broker localhost:9092 (id: -1 rack: null isFenced: false) disconnected
2026-04-14T01:18:50.916+08:00  INFO 28620 --- [Product_Test] [ntainer#2-0-C-1] org.apache.kafka.clients.Metadata        : [Consumer clientId=consumer-seckill-order-group-1, groupId=seckill-order-group] Rebootstrapping with [localhost/127.0.0.1:9092]
2026-04-14T01:18:50.920+08:00  INFO 28620 --- [Product_Test] [ntainer#1-0-C-1] org.apache.kafka.clients.Metadata        : [Consumer clientId=consumer-seckill-order-group-3, groupId=seckill-order-group] Rebootstrapping with [localhost/127.0.0.1:9092]
2026-04-14T01:18:50.967+08:00  INFO 28620 --- [Product_Test] [ntainer#2-0-C-1] org.apache.kafka.clients.Metadata        : [Consumer clientId=consumer-seckill-order-group-1, groupId=seckill-order-group] Rebootstrapping with [localhost/127.0.0.1:9092]
2026-04-14T01:18:50.971+08:00  INFO 28620 --- [Product_Test] [ntainer#1-0-C-1] org.apache.kafka.clients.Metadata        : [Consumer clientId=consumer-seckill-order-group-3, groupId=seckill-order-group] Rebootstrapping with [localhost/127.0.0.1:9092]
2026-04-14T01:18:51.096+08:00  INFO 28620 --- [Product_Test] [ntainer#0-0-C-1] org.apache.kafka.clients.Metadata        : [Consumer clientId=consumer-seckill-order-group-2, groupId=seckill-order-group] Rebootstrapping with [localhost/127.0.0.1:9092]
]]></system-out>
  <system-err><![CDATA[Mockito is currently self-attaching to enable the inline-mock-maker. This will no longer work in future releases of the JDK. Please add Mockito as an agent to your build as described in Mockito's documentation: https://javadoc.io/doc/org.mockito/mockito-core/latest/org.mockito/org/mockito/Mockito.html#0.3
WARNING: A Java agent has been loaded dynamically (C:\Users\23234\.gradle\caches\modules-2\files-2.1\net.bytebuddy\byte-buddy-agent\1.17.8\f09415827a71be7ed621c7bd02550678f28bc81c\byte-buddy-agent-1.17.8.jar)
WARNING: If a serviceability tool is in use, please run with -XX:+EnableDynamicAgentLoading to hide this warning
WARNING: If a serviceability tool is not in use, please run with -Djdk.instrument.traceUsage for more information
WARNING: Dynamic loading of agents will be disallowed by default in a future release
]]></system-err>
</testsuite>
